# JRE version: OpenJDK Runtime Environment Temurin-17.0.15+6 (17.0.15+6) (build 17.0.15+6)
# Java VM: OpenJDK 64-Bit Server VM Temurin-17.0.15+6 (17.0.15+6, mixed mode, sharing, tiered, compressed oops, compressed class ptrs, g1 gc, windows-amd64)
GC Precious Log:
 CPUs: 8 total, 8 available
 Memory: 16131M
 Large Page Support: Disabled
 NUMA Support: Disabled
 Compressed Oops: Enabled (Zero based)
 Heap Region Size: 2M
 Heap Min Capacity: 8M
 Heap Initial Capacity: 254M
 Heap Max Capacity: 3G
 Pre-touch: Disabled
 Parallel Workers: 8
 Concurrent Workers: 2
 Concurrent Refinement Workers: 8
 Periodic GC: Disabled
Heap:
 garbage-first heap   total 352256K, used 247552K [0x0000000740000000, 0x0000000800000000)
  region size 2048K, 3 young (6144K), 3 survivors (6144K)
 Metaspace       used 73406K, committed 74112K, reserved 1114112K
  class space    used 10126K, committed 10432K, reserved 1048576K
GC Heap History (20 events):
Event: 31.142 GC heap after
{Heap after GC invocations=31 (full 0):
 garbage-first heap   total 137216K, used 55588K [0x0000000740000000, 0x0000000800000000)
  region size 2048K, 3 young (6144K), 3 survivors (6144K)
 Metaspace       used 60059K, committed 60736K, reserved 1114112K
  class space    used 8526K, committed 8832K, reserved 1048576K
}
Event: 31.236 GC heap before
{Heap before GC invocations=31 (full 0):
 garbage-first heap   total 137216K, used 59684K [0x0000000740000000, 0x0000000800000000)
  region size 2048K, 4 young (8192K), 3 survivors (6144K)
 Metaspace       used 60122K, committed 60800K, reserved 1114112K
  class space    used 8526K, committed 8832K, reserved 1048576K
}
Event: 31.249 GC heap after
{Heap after GC invocations=32 (full 0):
 garbage-first heap   total 137216K, used 56006K [0x0000000740000000, 0x0000000800000000)
  region size 2048K, 2 young (4096K), 2 survivors (4096K)
 Metaspace       used 60122K, committed 60800K, reserved 1114112K
  class space    used 8526K, committed 8832K, reserved 1048576K
}
Event: 31.375 GC heap before
{Heap before GC invocations=32 (full 0):
 garbage-first heap   total 137216K, used 64198K [0x0000000740000000, 0x0000000800000000)
  region size 2048K, 3 young (6144K), 2 survivors (4096K)
 Metaspace       used 60139K, committed 60800K, reserved 1114112K
  class space    used 8526K, committed 8832K, reserved 1048576K
}
Event: 31.386 GC heap after
{Heap after GC invocations=33 (full 0):
 garbage-first heap   total 274432K, used 55920K [0x0000000740000000, 0x0000000800000000)
  region size 2048K, 2 young (4096K), 2 survivors (4096K)
 Metaspace       used 60139K, committed 60800K, reserved 1114112K
  class space    used 8526K, committed 8832K, reserved 1048576K
}
Event: 36.427 GC heap before
{Heap before GC invocations=33 (full 0):
 garbage-first heap   total 274432K, used 254576K [0x0000000740000000, 0x0000000800000000)
  region size 2048K, 67 young (137216K), 2 survivors (4096K)
 Metaspace       used 67346K, committed 67968K, reserved 1114112K
  class space    used 9501K, committed 9792K, reserved 1048576K
}
Event: 36.473 GC heap after
{Heap after GC invocations=34 (full 0):
 garbage-first heap   total 284672K, used 80449K [0x0000000740000000, 0x0000000800000000)
  region size 2048K, 10 young (20480K), 10 survivors (20480K)
 Metaspace       used 67346K, committed 67968K, reserved 1114112K
  class space    used 9501K, committed 9792K, reserved 1048576K
}
Event: 43.479 GC heap before
{Heap before GC invocations=34 (full 0):
 garbage-first heap   total 284672K, used 221761K [0x0000000740000000, 0x0000000800000000)
  region size 2048K, 77 young (157696K), 10 survivors (20480K)
 Metaspace       used 71341K, committed 72064K, reserved 1114112K
  class space    used 9892K, committed 10240K, reserved 1048576K
}
Event: 43.530 GC heap after
{Heap after GC invocations=35 (full 0):
 garbage-first heap   total 284672K, used 112708K [0x0000000740000000, 0x0000000800000000)
  region size 2048K, 10 young (20480K), 10 survivors (20480K)
 Metaspace       used 71341K, committed 72064K, reserved 1114112K
  class space    used 9892K, committed 10240K, reserved 1048576K
}
Event: 49.127 GC heap before
{Heap before GC invocations=35 (full 0):
 garbage-first heap   total 284672K, used 213060K [0x0000000740000000, 0x0000000800000000)
  region size 2048K, 60 young (122880K), 10 survivors (20480K)
 Metaspace       used 73199K, committed 73920K, reserved 1114112K
  class space    used 10104K, committed 10432K, reserved 1048576K
}
Event: 49.181 GC heap after
{Heap after GC invocations=36 (full 0):
 garbage-first heap   total 284672K, used 145408K [0x0000000740000000, 0x0000000800000000)
  region size 2048K, 8 young (16384K), 8 survivors (16384K)
 Metaspace       used 73199K, committed 73920K, reserved 1114112K
  class space    used 10104K, committed 10432K, reserved 1048576K
}
Event: 49.434 GC heap before
{Heap before GC invocations=36 (full 0):
 garbage-first heap   total 284672K, used 204800K [0x0000000740000000, 0x0000000800000000)
  region size 2048K, 37 young (75776K), 8 survivors (16384K)
 Metaspace       used 73206K, committed 73920K, reserved 1114112K
  class space    used 10104K, committed 10432K, reserved 1048576K
}
Event: 49.480 GC heap after
{Heap after GC invocations=37 (full 0):
 garbage-first heap   total 284672K, used 183862K [0x0000000740000000, 0x0000000800000000)
  region size 2048K, 5 young (10240K), 5 survivors (10240K)
 Metaspace       used 73206K, committed 73920K, reserved 1114112K
  class space    used 10104K, committed 10432K, reserved 1048576K
}
Event: 49.758 GC heap before
{Heap before GC invocations=37 (full 0):
 garbage-first heap   total 284672K, used 216630K [0x0000000740000000, 0x0000000800000000)
  region size 2048K, 21 young (43008K), 5 survivors (10240K)
 Metaspace       used 73207K, committed 73920K, reserved 1114112K
  class space    used 10104K, committed 10432K, reserved 1048576K
}
Event: 49.797 GC heap after
{Heap after GC invocations=38 (full 0):
 garbage-first heap   total 284672K, used 206848K [0x0000000740000000, 0x0000000800000000)
  region size 2048K, 3 young (6144K), 3 survivors (6144K)
 Metaspace       used 73207K, committed 73920K, reserved 1114112K
  class space    used 10104K, committed 10432K, reserved 1048576K
}
Event: 50.099 GC heap before
{Heap before GC invocations=39 (full 0):
 garbage-first heap   total 352256K, used 227328K [0x0000000740000000, 0x0000000800000000)
  region size 2048K, 13 young (26624K), 3 survivors (6144K)
 Metaspace       used 73323K, committed 74048K, reserved 1114112K
  class space    used 10117K, committed 10432K, reserved 1048576K
}
Event: 50.121 GC heap after
{Heap after GC invocations=40 (full 0):
 garbage-first heap   total 352256K, used 222552K [0x0000000740000000, 0x0000000800000000)
  region size 2048K, 2 young (4096K), 2 survivors (4096K)
 Metaspace       used 73323K, committed 74048K, reserved 1114112K
  class space    used 10117K, committed 10432K, reserved 1048576K
}
Event: 50.189 GC heap before
{Heap before GC invocations=40 (full 0):
 garbage-first heap   total 352256K, used 234840K [0x0000000740000000, 0x0000000800000000)
  region size 2048K, 8 young (16384K), 2 survivors (4096K)
 Metaspace       used 73323K, committed 74048K, reserved 1114112K
  class space    used 10117K, committed 10432K, reserved 1048576K
}
Event: 50.219 GC heap after
{Heap after GC invocations=41 (full 0):
 garbage-first heap   total 352256K, used 229823K [0x0000000740000000, 0x0000000800000000)
  region size 2048K, 1 young (2048K), 1 survivors (2048K)
 Metaspace       used 73323K, committed 74048K, reserved 1114112K
  class space    used 10117K, committed 10432K, reserved 1048576K
}
Event: 50.563 GC heap before
{Heap before GC invocations=41 (full 0):
 garbage-first heap   total 352256K, used 262591K [0x0000000740000000, 0x0000000800000000)
  region size 2048K, 17 young (34816K), 1 survivors (2048K)
 Metaspace       used 73406K, committed 74112K, reserved 1114112K
  class space    used 10126K, committed 10432K, reserved 1048576K
}

