# JRE version: OpenJDK Runtime Environment Temurin-17.0.15+6 (17.0.15+6) (build 17.0.15+6)
# Java VM: OpenJDK 64-Bit Server VM Temurin-17.0.15+6 (17.0.15+6, mixed mode, sharing, tiered, compressed oops, compressed class ptrs, g1 gc, windows-amd64)
GC Precious Log:
 CPUs: 8 total, 8 available
 Memory: 16131M
 Large Page Support: Disabled
 NUMA Support: Disabled
 Compressed Oops: Enabled (32-bit)
 Heap Region Size: 1M
 Heap Min Capacity: 8M
 Heap Initial Capacity: 254M
 Heap Max Capacity: 2G
 Pre-touch: Disabled
 Parallel Workers: 8
 Concurrent Workers: 2
 Concurrent Refinement Workers: 8
 Periodic GC: Disabled
Heap:
 garbage-first heap   total 326656K, used 233472K [0x0000000080000000, 0x0000000100000000)
  region size 1024K, 2 young (2048K), 2 survivors (2048K)
 Metaspace       used 76708K, committed 77376K, reserved 1179648K
  class space    used 10657K, committed 10944K, reserved 1048576K
GC Heap History (20 events):
Event: 30.109 GC heap after
{Heap after GC invocations=26 (full 0):
 garbage-first heap   total 231424K, used 53273K [0x0000000080000000, 0x0000000100000000)
  region size 1024K, 3 young (3072K), 3 survivors (3072K)
 Metaspace       used 56163K, committed 56768K, reserved 1114112K
  class space    used 7878K, committed 8192K, reserved 1048576K
}
Event: 33.733 GC heap before
{Heap before GC invocations=26 (full 0):
 garbage-first heap   total 231424K, used 151577K [0x0000000080000000, 0x0000000100000000)
  region size 1024K, 49 young (50176K), 3 survivors (3072K)
 Metaspace       used 59522K, committed 60096K, reserved 1114112K
  class space    used 8436K, committed 8704K, reserved 1048576K
}
Event: 33.747 GC heap after
{Heap after GC invocations=27 (full 0):
 garbage-first heap   total 231424K, used 56338K [0x0000000080000000, 0x0000000100000000)
  region size 1024K, 6 young (6144K), 6 survivors (6144K)
 Metaspace       used 59522K, committed 60096K, reserved 1114112K
  class space    used 8436K, committed 8704K, reserved 1048576K
}
Event: 38.363 GC heap before
{Heap before GC invocations=27 (full 0):
 garbage-first heap   total 231424K, used 217106K [0x0000000080000000, 0x0000000100000000)
  region size 1024K, 119 young (121856K), 6 survivors (6144K)
 Metaspace       used 62318K, committed 62976K, reserved 1114112K
  class space    used 8845K, committed 9152K, reserved 1048576K
}
Event: 38.411 GC heap after
{Heap after GC invocations=28 (full 0):
 garbage-first heap   total 241664K, used 72534K [0x0000000080000000, 0x0000000100000000)
  region size 1024K, 17 young (17408K), 17 survivors (17408K)
 Metaspace       used 62318K, committed 62976K, reserved 1114112K
  class space    used 8845K, committed 9152K, reserved 1048576K
}
Event: 43.786 GC heap before
{Heap before GC invocations=28 (full 0):
 garbage-first heap   total 241664K, used 202582K [0x0000000080000000, 0x0000000100000000)
  region size 1024K, 132 young (135168K), 17 survivors (17408K)
 Metaspace       used 69357K, committed 70080K, reserved 1114112K
  class space    used 9703K, committed 10048K, reserved 1048576K
}
Event: 43.847 GC heap after
{Heap after GC invocations=29 (full 0):
 garbage-first heap   total 248832K, used 109744K [0x0000000080000000, 0x0000000100000000)
  region size 1024K, 17 young (17408K), 17 survivors (17408K)
 Metaspace       used 69357K, committed 70080K, reserved 1114112K
  class space    used 9703K, committed 10048K, reserved 1048576K
}
Event: 49.161 GC heap before
{Heap before GC invocations=29 (full 0):
 garbage-first heap   total 248832K, used 190640K [0x0000000080000000, 0x0000000100000000)
  region size 1024K, 96 young (98304K), 17 survivors (17408K)
 Metaspace       used 74377K, committed 75008K, reserved 1114112K
  class space    used 10388K, committed 10688K, reserved 1048576K
}
Event: 49.185 GC heap after
{Heap after GC invocations=30 (full 0):
 garbage-first heap   total 248832K, used 104448K [0x0000000080000000, 0x0000000100000000)
  region size 1024K, 7 young (7168K), 7 survivors (7168K)
 Metaspace       used 74377K, committed 75008K, reserved 1114112K
  class space    used 10388K, committed 10688K, reserved 1048576K
}
Event: 51.006 GC heap before
{Heap before GC invocations=30 (full 0):
 garbage-first heap   total 248832K, used 194560K [0x0000000080000000, 0x0000000100000000)
  region size 1024K, 92 young (94208K), 7 survivors (7168K)
 Metaspace       used 76593K, committed 77248K, reserved 1179648K
  class space    used 10644K, committed 10944K, reserved 1048576K
}
Event: 51.054 GC heap after
{Heap after GC invocations=31 (full 0):
 garbage-first heap   total 248832K, used 150304K [0x0000000080000000, 0x0000000100000000)
  region size 1024K, 12 young (12288K), 12 survivors (12288K)
 Metaspace       used 76593K, committed 77248K, reserved 1179648K
  class space    used 10644K, committed 10944K, reserved 1048576K
}
Event: 51.266 GC heap before
{Heap before GC invocations=31 (full 0):
 garbage-first heap   total 248832K, used 190240K [0x0000000080000000, 0x0000000100000000)
  region size 1024K, 51 young (52224K), 12 survivors (12288K)
 Metaspace       used 76593K, committed 77248K, reserved 1179648K
  class space    used 10644K, committed 10944K, reserved 1048576K
}
Event: 51.307 GC heap after
{Heap after GC invocations=32 (full 0):
 garbage-first heap   total 248832K, used 176128K [0x0000000080000000, 0x0000000100000000)
  region size 1024K, 7 young (7168K), 7 survivors (7168K)
 Metaspace       used 76593K, committed 77248K, reserved 1179648K
  class space    used 10644K, committed 10944K, reserved 1048576K
}
Event: 51.558 GC heap before
{Heap before GC invocations=32 (full 0):
 garbage-first heap   total 248832K, used 198656K [0x0000000080000000, 0x0000000100000000)
  region size 1024K, 29 young (29696K), 7 survivors (7168K)
 Metaspace       used 76593K, committed 77248K, reserved 1179648K
  class space    used 10644K, committed 10944K, reserved 1048576K
}
Event: 51.584 GC heap after
{Heap after GC invocations=33 (full 0):
 garbage-first heap   total 248832K, used 191488K [0x0000000080000000, 0x0000000100000000)
  region size 1024K, 4 young (4096K), 4 survivors (4096K)
 Metaspace       used 76593K, committed 77248K, reserved 1179648K
  class space    used 10644K, committed 10944K, reserved 1048576K
}
Event: 51.777 GC heap before
{Heap before GC invocations=33 (full 0):
 garbage-first heap   total 326656K, used 202752K [0x0000000080000000, 0x0000000100000000)
  region size 1024K, 17 young (17408K), 4 survivors (4096K)
 Metaspace       used 76593K, committed 77248K, reserved 1179648K
  class space    used 10644K, committed 10944K, reserved 1048576K
}
Event: 51.793 GC heap after
{Heap after GC invocations=34 (full 0):
 garbage-first heap   total 326656K, used 199680K [0x0000000080000000, 0x0000000100000000)
  region size 1024K, 3 young (3072K), 3 survivors (3072K)
 Metaspace       used 76593K, committed 77248K, reserved 1179648K
  class space    used 10644K, committed 10944K, reserved 1048576K
}
Event: 52.357 GC heap before
{Heap before GC invocations=35 (full 0):
 garbage-first heap   total 326656K, used 242688K [0x0000000080000000, 0x0000000100000000)
  region size 1024K, 45 young (46080K), 3 survivors (3072K)
 Metaspace       used 76708K, committed 77376K, reserved 1179648K
  class space    used 10657K, committed 10944K, reserved 1048576K
}
Event: 52.402 GC heap after
{Heap after GC invocations=36 (full 0):
 garbage-first heap   total 326656K, used 228649K [0x0000000080000000, 0x0000000100000000)
  region size 1024K, 6 young (6144K), 6 survivors (6144K)
 Metaspace       used 76708K, committed 77376K, reserved 1179648K
  class space    used 10657K, committed 10944K, reserved 1048576K
}
Event: 52.485 GC heap before
{Heap before GC invocations=36 (full 0):
 garbage-first heap   total 326656K, used 237865K [0x0000000080000000, 0x0000000100000000)
  region size 1024K, 15 young (15360K), 6 survivors (6144K)
 Metaspace       used 76708K, committed 77376K, reserved 1179648K
  class space    used 10657K, committed 10944K, reserved 1048576K
}

