# JRE version: OpenJDK Runtime Environment Temurin-17.0.15+6 (17.0.15+6) (build 17.0.15+6)
# Java VM: OpenJDK 64-Bit Server VM Temurin-17.0.15+6 (17.0.15+6, mixed mode, sharing, tiered, compressed oops, compressed class ptrs, g1 gc, windows-amd64)
GC Precious Log:
 CPUs: 8 total, 8 available
 Memory: 16131M
 Large Page Support: Disabled
 NUMA Support: Disabled
 Compressed Oops: Enabled (32-bit)
 Heap Region Size: 1M
 Heap Min Capacity: 8M
 Heap Initial Capacity: 254M
 Heap Max Capacity: 2G
 Pre-touch: Disabled
 Parallel Workers: 8
 Concurrent Workers: 2
 Concurrent Refinement Workers: 8
 Periodic GC: Disabled
Heap:
 garbage-first heap   total 221184K, used 122952K [0x0000000080000000, 0x0000000100000000)
  region size 1024K, 3 young (3072K), 3 survivors (3072K)
 Metaspace       used 61240K, committed 61824K, reserved 1114112K
  class space    used 8689K, committed 8960K, reserved 1048576K
GC Heap History (20 events):
Event: 28.353 GC heap after
{Heap after GC invocations=22 (full 0):
 garbage-first heap   total 119808K, used 54512K [0x0000000080000000, 0x0000000100000000)
  region size 1024K, 3 young (3072K), 3 survivors (3072K)
 Metaspace       used 55977K, committed 56512K, reserved 1114112K
  class space    used 7857K, committed 8128K, reserved 1048576K
}
Event: 28.524 GC heap before
{Heap before GC invocations=22 (full 0):
 garbage-first heap   total 119808K, used 56560K [0x0000000080000000, 0x0000000100000000)
  region size 1024K, 5 young (5120K), 3 survivors (3072K)
 Metaspace       used 56098K, committed 56704K, reserved 1114112K
  class space    used 7866K, committed 8128K, reserved 1048576K
}
Event: 28.532 GC heap after
{Heap after GC invocations=23 (full 0):
 garbage-first heap   total 119808K, used 54361K [0x0000000080000000, 0x0000000100000000)
  region size 1024K, 1 young (1024K), 1 survivors (1024K)
 Metaspace       used 56098K, committed 56704K, reserved 1114112K
  class space    used 7866K, committed 8128K, reserved 1048576K
}
Event: 28.561 GC heap before
{Heap before GC invocations=23 (full 0):
 garbage-first heap   total 119808K, used 55385K [0x0000000080000000, 0x0000000100000000)
  region size 1024K, 4 young (4096K), 1 survivors (1024K)
 Metaspace       used 56126K, committed 56704K, reserved 1114112K
  class space    used 7869K, committed 8128K, reserved 1048576K
}
Event: 28.564 GC heap after
{Heap after GC invocations=24 (full 0):
 garbage-first heap   total 119808K, used 54306K [0x0000000080000000, 0x0000000100000000)
  region size 1024K, 1 young (1024K), 1 survivors (1024K)
 Metaspace       used 56126K, committed 56704K, reserved 1114112K
  class space    used 7869K, committed 8128K, reserved 1048576K
}
Event: 28.943 GC heap before
{Heap before GC invocations=25 (full 0):
 garbage-first heap   total 135168K, used 78882K [0x0000000080000000, 0x0000000100000000)
  region size 1024K, 4 young (4096K), 1 survivors (1024K)
 Metaspace       used 56151K, committed 56704K, reserved 1114112K
  class space    used 7869K, committed 8128K, reserved 1048576K
}
Event: 28.946 GC heap after
{Heap after GC invocations=26 (full 0):
 garbage-first heap   total 135168K, used 54238K [0x0000000080000000, 0x0000000100000000)
  region size 1024K, 1 young (1024K), 1 survivors (1024K)
 Metaspace       used 56151K, committed 56704K, reserved 1114112K
  class space    used 7869K, committed 8128K, reserved 1048576K
}
Event: 28.976 GC heap before
{Heap before GC invocations=26 (full 0):
 garbage-first heap   total 135168K, used 56286K [0x0000000080000000, 0x0000000100000000)
  region size 1024K, 2 young (2048K), 1 survivors (1024K)
 Metaspace       used 56151K, committed 56704K, reserved 1114112K
  class space    used 7869K, committed 8128K, reserved 1048576K
}
Event: 28.978 GC heap after
{Heap after GC invocations=27 (full 0):
 garbage-first heap   total 135168K, used 54221K [0x0000000080000000, 0x0000000100000000)
  region size 1024K, 1 young (1024K), 1 survivors (1024K)
 Metaspace       used 56151K, committed 56704K, reserved 1114112K
  class space    used 7869K, committed 8128K, reserved 1048576K
}
Event: 29.231 GC heap before
{Heap before GC invocations=27 (full 0):
 garbage-first heap   total 135168K, used 76749K [0x0000000080000000, 0x0000000100000000)
  region size 1024K, 2 young (2048K), 1 survivors (1024K)
 Metaspace       used 56152K, committed 56704K, reserved 1114112K
  class space    used 7869K, committed 8128K, reserved 1048576K
}
Event: 29.234 GC heap after
{Heap after GC invocations=28 (full 0):
 garbage-first heap   total 178176K, used 54221K [0x0000000080000000, 0x0000000100000000)
  region size 1024K, 1 young (1024K), 1 survivors (1024K)
 Metaspace       used 56152K, committed 56704K, reserved 1114112K
  class space    used 7869K, committed 8128K, reserved 1048576K
}
Event: 34.436 GC heap before
{Heap before GC invocations=28 (full 0):
 garbage-first heap   total 178176K, used 125901K [0x0000000080000000, 0x0000000100000000)
  region size 1024K, 47 young (48128K), 1 survivors (1024K)
 Metaspace       used 59497K, committed 60096K, reserved 1114112K
  class space    used 8424K, committed 8704K, reserved 1048576K
}
Event: 35.419 GC heap after
{Heap after GC invocations=29 (full 0):
 garbage-first heap   total 178176K, used 57156K [0x0000000080000000, 0x0000000100000000)
  region size 1024K, 4 young (4096K), 4 survivors (4096K)
 Metaspace       used 59497K, committed 60096K, reserved 1114112K
  class space    used 8424K, committed 8704K, reserved 1048576K
}
Event: 35.681 GC heap before
{Heap before GC invocations=29 (full 0):
 garbage-first heap   total 178176K, used 80708K [0x0000000080000000, 0x0000000100000000)
  region size 1024K, 5 young (5120K), 4 survivors (4096K)
 Metaspace       used 59516K, committed 60096K, reserved 1114112K
  class space    used 8424K, committed 8704K, reserved 1048576K
}
Event: 35.686 GC heap after
{Heap after GC invocations=30 (full 0):
 garbage-first heap   total 178176K, used 57362K [0x0000000080000000, 0x0000000100000000)
  region size 1024K, 4 young (4096K), 4 survivors (4096K)
 Metaspace       used 59516K, committed 60096K, reserved 1114112K
  class space    used 8424K, committed 8704K, reserved 1048576K
}
Event: 37.642 GC heap before
{Heap before GC invocations=30 (full 0):
 garbage-first heap   total 178176K, used 167954K [0x0000000080000000, 0x0000000100000000)
  region size 1024K, 92 young (94208K), 4 survivors (4096K)
 Metaspace       used 61240K, committed 61824K, reserved 1114112K
  class space    used 8689K, committed 8960K, reserved 1048576K
}
Event: 39.704 GC heap after
{Heap after GC invocations=31 (full 0):
 garbage-first heap   total 221184K, used 107977K [0x0000000080000000, 0x0000000100000000)
  region size 1024K, 12 young (12288K), 12 survivors (12288K)
 Metaspace       used 61240K, committed 61824K, reserved 1114112K
  class space    used 8689K, committed 8960K, reserved 1048576K
}
Event: 39.727 GC heap before
{Heap before GC invocations=31 (full 0):
 garbage-first heap   total 221184K, used 109001K [0x0000000080000000, 0x0000000100000000)
  region size 1024K, 13 young (13312K), 12 survivors (12288K)
 Metaspace       used 61240K, committed 61824K, reserved 1114112K
  class space    used 8689K, committed 8960K, reserved 1048576K
}
Event: 39.744 GC heap after
{Heap after GC invocations=32 (full 0):
 garbage-first heap   total 221184K, used 112280K [0x0000000080000000, 0x0000000100000000)
  region size 1024K, 2 young (2048K), 2 survivors (2048K)
 Metaspace       used 61240K, committed 61824K, reserved 1114112K
  class space    used 8689K, committed 8960K, reserved 1048576K
}
Event: 39.778 GC heap before
{Heap before GC invocations=32 (full 0):
 garbage-first heap   total 221184K, used 129688K [0x0000000080000000, 0x0000000100000000)
  region size 1024K, 19 young (19456K), 2 survivors (2048K)
 Metaspace       used 61240K, committed 61824K, reserved 1114112K
  class space    used 8689K, committed 8960K, reserved 1048576K
}

